c:\users\milhi\downloads\dev\angine\3dscene\debug\vc140.pdb
c:\users\milhi\downloads\dev\angine\3dscene\debug\vc140.idb
c:\users\milhi\downloads\dev\angine\3dscene\debug\game.obj
c:\users\milhi\downloads\dev\angine\3dscene\debug\main.obj
c:\users\milhi\downloads\dev\angine\debug\3dscene.pdb
c:\users\milhi\downloads\dev\angine\3dscene\debug\3dscene.tlog\cl.command.1.tlog
c:\users\milhi\downloads\dev\angine\3dscene\debug\3dscene.tlog\cl.read.1.tlog
c:\users\milhi\downloads\dev\angine\3dscene\debug\3dscene.tlog\cl.write.1.tlog
c:\users\milhi\downloads\dev\angine\3dscene\debug\3dscene.tlog\link-cvtres.read.1.tlog
c:\users\milhi\downloads\dev\angine\3dscene\debug\3dscene.tlog\link-cvtres.write.1.tlog
c:\users\milhi\downloads\dev\angine\3dscene\debug\3dscene.tlog\link-rc.read.1.tlog
c:\users\milhi\downloads\dev\angine\3dscene\debug\3dscene.tlog\link-rc.write.1.tlog
c:\users\milhi\downloads\dev\angine\3dscene\debug\3dscene.tlog\link.11528-cvtres.read.1.tlog
c:\users\milhi\downloads\dev\angine\3dscene\debug\3dscene.tlog\link.11528-cvtres.write.1.tlog
c:\users\milhi\downloads\dev\angine\3dscene\debug\3dscene.tlog\link.11528-rc.read.1.tlog
c:\users\milhi\downloads\dev\angine\3dscene\debug\3dscene.tlog\link.11528-rc.write.1.tlog
c:\users\milhi\downloads\dev\angine\3dscene\debug\3dscene.tlog\link.11528.read.1.tlog
c:\users\milhi\downloads\dev\angine\3dscene\debug\3dscene.tlog\link.11528.write.1.tlog
c:\users\milhi\downloads\dev\angine\3dscene\debug\3dscene.tlog\link.command.1.tlog
c:\users\milhi\downloads\dev\angine\3dscene\debug\3dscene.tlog\link.read.1.tlog
c:\users\milhi\downloads\dev\angine\3dscene\debug\3dscene.tlog\link.write.1.tlog
