c:\users\ali-pc\downloads\dev\angine\bin\debug\spfont.bsc
c:\users\ali-pc\downloads\dev\angine\bin\debug\intermediates\freetype\vc140.pdb
c:\users\ali-pc\downloads\dev\angine\bin\debug\intermediates\freetype\vc140.idb
c:\users\ali-pc\downloads\dev\angine\bin\debug\intermediates\freetype\winfnt.sbr
c:\users\ali-pc\downloads\dev\angine\bin\debug\intermediates\freetype\type42.sbr
c:\users\ali-pc\downloads\dev\angine\bin\debug\intermediates\freetype\type1.sbr
c:\users\ali-pc\downloads\dev\angine\bin\debug\intermediates\freetype\truetype.sbr
c:\users\ali-pc\downloads\dev\angine\bin\debug\intermediates\freetype\smooth.sbr
c:\users\ali-pc\downloads\dev\angine\bin\debug\intermediates\freetype\sfnt.sbr
c:\users\ali-pc\downloads\dev\angine\bin\debug\intermediates\freetype\raster.sbr
c:\users\ali-pc\downloads\dev\angine\bin\debug\intermediates\freetype\psmodule.sbr
c:\users\ali-pc\downloads\dev\angine\bin\debug\intermediates\freetype\pshinter.sbr
c:\users\ali-pc\downloads\dev\angine\bin\debug\intermediates\freetype\psaux.sbr
c:\users\ali-pc\downloads\dev\angine\bin\debug\intermediates\freetype\pfr.sbr
c:\users\ali-pc\downloads\dev\angine\bin\debug\intermediates\freetype\pcf.sbr
c:\users\ali-pc\downloads\dev\angine\bin\debug\intermediates\freetype\ftlzw.sbr
c:\users\ali-pc\downloads\dev\angine\bin\debug\intermediates\freetype\ftgzip.sbr
c:\users\ali-pc\downloads\dev\angine\bin\debug\intermediates\freetype\type1cid.sbr
c:\users\ali-pc\downloads\dev\angine\bin\debug\intermediates\freetype\cff.sbr
c:\users\ali-pc\downloads\dev\angine\bin\debug\intermediates\freetype\ftcache.sbr
c:\users\ali-pc\downloads\dev\angine\bin\debug\intermediates\freetype\bdf.sbr
c:\users\ali-pc\downloads\dev\angine\bin\debug\intermediates\freetype\ftxf86.sbr
c:\users\ali-pc\downloads\dev\angine\bin\debug\intermediates\freetype\ftwinfnt.sbr
c:\users\ali-pc\downloads\dev\angine\bin\debug\intermediates\freetype\ftwinfnt.obj
c:\users\ali-pc\downloads\dev\angine\bin\debug\intermediates\freetype\ftxf86.obj
c:\users\ali-pc\downloads\dev\angine\bin\debug\intermediates\freetype\bdf.obj
c:\users\ali-pc\downloads\dev\angine\bin\debug\intermediates\freetype\ftcache.obj
c:\users\ali-pc\downloads\dev\angine\bin\debug\intermediates\freetype\cff.obj
c:\users\ali-pc\downloads\dev\angine\bin\debug\intermediates\freetype\type1cid.obj
c:\users\ali-pc\downloads\dev\angine\bin\debug\intermediates\freetype\ftgzip.obj
c:\users\ali-pc\downloads\dev\angine\bin\debug\intermediates\freetype\ftlzw.obj
c:\users\ali-pc\downloads\dev\angine\bin\debug\intermediates\freetype\pcf.obj
c:\users\ali-pc\downloads\dev\angine\bin\debug\intermediates\freetype\pfr.obj
c:\users\ali-pc\downloads\dev\angine\bin\debug\intermediates\freetype\psaux.obj
c:\users\ali-pc\downloads\dev\angine\bin\debug\intermediates\freetype\pshinter.obj
c:\users\ali-pc\downloads\dev\angine\bin\debug\intermediates\freetype\psmodule.obj
c:\users\ali-pc\downloads\dev\angine\bin\debug\intermediates\freetype\raster.obj
c:\users\ali-pc\downloads\dev\angine\bin\debug\intermediates\freetype\sfnt.obj
c:\users\ali-pc\downloads\dev\angine\bin\debug\intermediates\freetype\smooth.obj
c:\users\ali-pc\downloads\dev\angine\bin\debug\intermediates\freetype\truetype.obj
c:\users\ali-pc\downloads\dev\angine\bin\debug\intermediates\freetype\type1.obj
c:\users\ali-pc\downloads\dev\angine\bin\debug\intermediates\freetype\type42.obj
c:\users\ali-pc\downloads\dev\angine\bin\debug\intermediates\freetype\winfnt.obj
c:\users\ali-pc\downloads\dev\angine\bin\debug\intermediates\freetype\fttype1.sbr
c:\users\ali-pc\downloads\dev\angine\bin\debug\intermediates\freetype\ftsystem.sbr
c:\users\ali-pc\downloads\dev\angine\bin\debug\intermediates\freetype\ftsynth.sbr
c:\users\ali-pc\downloads\dev\angine\bin\debug\intermediates\freetype\ftstroke.sbr
c:\users\ali-pc\downloads\dev\angine\bin\debug\intermediates\freetype\ftpfr.sbr
c:\users\ali-pc\downloads\dev\angine\bin\debug\intermediates\freetype\ftpatent.sbr
c:\users\ali-pc\downloads\dev\angine\bin\debug\intermediates\freetype\ftotval.sbr
c:\users\ali-pc\downloads\dev\angine\bin\debug\intermediates\freetype\ftmm.sbr
c:\users\ali-pc\downloads\dev\angine\bin\debug\intermediates\freetype\ftlcdfil.sbr
c:\users\ali-pc\downloads\dev\angine\bin\debug\intermediates\freetype\ftinit.sbr
c:\users\ali-pc\downloads\dev\angine\bin\debug\intermediates\freetype\ftgxval.sbr
c:\users\ali-pc\downloads\dev\angine\bin\debug\intermediates\freetype\ftglyph.sbr
c:\users\ali-pc\downloads\dev\angine\bin\debug\intermediates\freetype\ftgasp.sbr
c:\users\ali-pc\downloads\dev\angine\bin\debug\intermediates\freetype\ftfstype.sbr
c:\users\ali-pc\downloads\dev\angine\bin\debug\intermediates\freetype\ftdebug.sbr
c:\users\ali-pc\downloads\dev\angine\bin\debug\intermediates\freetype\ftbitmap.sbr
c:\users\ali-pc\downloads\dev\angine\bin\debug\intermediates\freetype\ftbbox.sbr
c:\users\ali-pc\downloads\dev\angine\bin\debug\intermediates\freetype\ftbase.sbr
c:\users\ali-pc\downloads\dev\angine\bin\debug\intermediates\freetype\autofit.sbr
c:\users\ali-pc\downloads\dev\angine\bin\debug\intermediates\freetype\vector.sbr
c:\users\ali-pc\downloads\dev\angine\bin\debug\intermediates\freetype\vector.obj
c:\users\ali-pc\downloads\dev\angine\bin\debug\intermediates\freetype\autofit.obj
c:\users\ali-pc\downloads\dev\angine\bin\debug\intermediates\freetype\ftbase.obj
c:\users\ali-pc\downloads\dev\angine\bin\debug\intermediates\freetype\ftbbox.obj
c:\users\ali-pc\downloads\dev\angine\bin\debug\intermediates\freetype\ftbitmap.obj
c:\users\ali-pc\downloads\dev\angine\bin\debug\intermediates\freetype\ftdebug.obj
c:\users\ali-pc\downloads\dev\angine\bin\debug\intermediates\freetype\ftfstype.obj
c:\users\ali-pc\downloads\dev\angine\bin\debug\intermediates\freetype\ftgasp.obj
c:\users\ali-pc\downloads\dev\angine\bin\debug\intermediates\freetype\ftglyph.obj
c:\users\ali-pc\downloads\dev\angine\bin\debug\intermediates\freetype\ftgxval.obj
c:\users\ali-pc\downloads\dev\angine\bin\debug\intermediates\freetype\ftinit.obj
c:\users\ali-pc\downloads\dev\angine\bin\debug\intermediates\freetype\ftlcdfil.obj
c:\users\ali-pc\downloads\dev\angine\bin\debug\intermediates\freetype\ftmm.obj
c:\users\ali-pc\downloads\dev\angine\bin\debug\intermediates\freetype\ftotval.obj
c:\users\ali-pc\downloads\dev\angine\bin\debug\intermediates\freetype\ftpatent.obj
c:\users\ali-pc\downloads\dev\angine\bin\debug\intermediates\freetype\ftpfr.obj
c:\users\ali-pc\downloads\dev\angine\bin\debug\intermediates\freetype\ftstroke.obj
c:\users\ali-pc\downloads\dev\angine\bin\debug\intermediates\freetype\ftsynth.obj
c:\users\ali-pc\downloads\dev\angine\bin\debug\intermediates\freetype\ftsystem.obj
c:\users\ali-pc\downloads\dev\angine\bin\debug\intermediates\freetype\fttype1.obj
c:\users\ali-pc\downloads\dev\angine\bin\debug\intermediates\freetype\texture-font.sbr
c:\users\ali-pc\downloads\dev\angine\bin\debug\intermediates\freetype\platform.sbr
c:\users\ali-pc\downloads\dev\angine\bin\debug\intermediates\freetype\platform.obj
c:\users\ali-pc\downloads\dev\angine\bin\debug\intermediates\freetype\texture-font.obj
c:\users\ali-pc\downloads\dev\angine\bin\debug\intermediates\freetype\texture-atlas.sbr
c:\users\ali-pc\downloads\dev\angine\bin\debug\intermediates\freetype\texture-atlas.obj
c:\users\ali-pc\downloads\dev\angine\bin\debug\spfont.lib
c:\users\ali-pc\downloads\dev\angine\bin\debug\spfont.exp
c:\users\ali-pc\downloads\dev\angine\bin\debug\spfont.ilk
c:\users\ali-pc\downloads\dev\angine\bin\debug\spfont.dll
c:\users\ali-pc\downloads\dev\angine\bin\debug\spfont.pdb
c:\users\ali-pc\downloads\dev\angine\bin\debug\intermediates\freetype\freetype.tlog\bscmake.command.1.tlog
c:\users\ali-pc\downloads\dev\angine\bin\debug\intermediates\freetype\freetype.tlog\bscmake.read.1.tlog
c:\users\ali-pc\downloads\dev\angine\bin\debug\intermediates\freetype\freetype.tlog\bscmake.write.1.tlog
c:\users\ali-pc\downloads\dev\angine\bin\debug\intermediates\freetype\freetype.tlog\cl.command.1.tlog
c:\users\ali-pc\downloads\dev\angine\bin\debug\intermediates\freetype\freetype.tlog\cl.read.1.tlog
c:\users\ali-pc\downloads\dev\angine\bin\debug\intermediates\freetype\freetype.tlog\cl.write.1.tlog
c:\users\ali-pc\downloads\dev\angine\bin\debug\intermediates\freetype\freetype.tlog\freetype.write.1u.tlog
c:\users\ali-pc\downloads\dev\angine\bin\debug\intermediates\freetype\freetype.tlog\link.command.1.tlog
c:\users\ali-pc\downloads\dev\angine\bin\debug\intermediates\freetype\freetype.tlog\link.read.1.tlog
c:\users\ali-pc\downloads\dev\angine\bin\debug\intermediates\freetype\freetype.tlog\link.write.1.tlog
